<?xml version="1.0" encoding="UTF-8"?>
<!-- Generated by org.testng.reporters.JUnitReportReporter -->
<testsuite name="Cucumber.Automation.AppTest" tests="1" time="0.032" ignored="0" failures="0" timestamp="20 Nov 2019 18:07:57 GMT" skipped="0" hostname="SREEJISHNUPPF0V" errors="0">
  <testcase name="testApp" time="0.032" classname="Cucumber.Automation.AppTest"/>
</testsuite> <!-- Cucumber.Automation.AppTest -->
