<?xml version="1.0" encoding="UTF-8"?>
<!-- Generated by org.testng.reporters.JUnitReportReporter -->
<testsuite name="cucumberOptions.TestRunner" tests="1" time="335.562" ignored="0" failures="0" timestamp="30 Nov 2019 11:46:55 GMT" skipped="0" hostname="SREEJISHNUPPF0V" errors="0">
  <testcase name="feature" time="335.562" classname="cucumberOptions.TestRunner"/>
</testsuite> <!-- cucumberOptions.TestRunner -->
